<?xml version="1.0" encoding="UTF-8"?>
<!-- Generated by org.testng.reporters.JUnitReportReporter -->
<testsuite hostname="Swapnil" failures="0" tests="1" name="testNg.day1" time="0.006" errors="0" timestamp="2022-08-18T22:03:04 EDT" skipped="0">
  <testcase classname="testNg.day1" name="Demo" time="0.006"/>
  <system-out/>
</testsuite> <!-- testNg.day1 -->
