<?xml version="1.0" encoding="UTF-8"?>
<!-- Generated by org.testng.reporters.JUnitReportReporter -->
<testsuite hostname="Swapnil" failures="0" tests="1" name="javaStreams.Test1" time="0.006" errors="0" timestamp="2022-03-13T19:44:57 EDT" skipped="0">
  <testcase classname="javaStreams.Test1" name="streamCollect" time="0.006"/>
  <system-out/>
</testsuite> <!-- javaStreams.Test1 -->
